
[2015-02-05 09:11:38] Beginning TopHat run (v2.0.11)
-----------------------------------------------
[2015-02-05 09:11:38] Checking for Bowtie
		  Bowtie version:	 2.2.1.0
[2015-02-05 09:11:39] Checking for Samtools
		Samtools version:	 0.1.19.0
[2015-02-05 09:11:39] Checking for Bowtie index files (genome)..
[2015-02-05 09:11:39] Checking for reference FASTA file
[2015-02-05 09:11:39] Generating SAM header for /home/brb/igenome/human/UCSC/hg19/genome
[2015-02-05 09:12:02] Preparing reads
	 left reads: min. length=50, max. length=50, 28680516 kept reads (5195 discarded)
	right reads: min. length=50, max. length=50, 28642988 kept reads (42723 discarded)
[2015-02-05 09:20:32] Mapping left_kept_reads to genome genome with Bowtie2 
[2015-02-05 09:39:21] Mapping left_kept_reads_seg1 to genome genome with Bowtie2 (1/2)
[2015-02-05 09:41:25] Mapping left_kept_reads_seg2 to genome genome with Bowtie2 (2/2)
[2015-02-05 09:43:15] Mapping right_kept_reads to genome genome with Bowtie2 
[2015-02-05 10:01:29] Mapping right_kept_reads_seg1 to genome genome with Bowtie2 (1/2)
[2015-02-05 10:03:27] Mapping right_kept_reads_seg2 to genome genome with Bowtie2 (2/2)
[2015-02-05 10:05:25] Searching for junctions via segment mapping
[2015-02-05 10:09:37] Retrieving sequences for splices
[2015-02-05 10:11:17] Indexing splices
[2015-02-05 10:11:25] Mapping left_kept_reads_seg1 to genome segment_juncs with Bowtie2 (1/2)
[2015-02-05 10:11:50] Mapping left_kept_reads_seg2 to genome segment_juncs with Bowtie2 (2/2)
[2015-02-05 10:12:15] Joining segment hits
[2015-02-05 10:14:12] Mapping right_kept_reads_seg1 to genome segment_juncs with Bowtie2 (1/2)
[2015-02-05 10:14:43] Mapping right_kept_reads_seg2 to genome segment_juncs with Bowtie2 (2/2)
[2015-02-05 10:15:12] Joining segment hits
[2015-02-05 10:17:14] Reporting output tracks
-----------------------------------------------
[2015-02-05 10:39:24] A summary of the alignment counts can be found in OP-535/align_summary.txt
[2015-02-05 10:39:24] Run complete: 01:27:45 elapsed
