/opt/RNA-Seq/bin/tophat-2.0.11.Linux_x86_64/tophat --no-coverage-search -p 5 -o RNA1_ctrl genome SRR960409.fastq
#>prep_reads:
/opt/RNA-Seq/bin/tophat-2.0.11.Linux_x86_64/prep_reads --min-anchor 8 --splice-mismatches 0 --min-report-intron 50 --max-report-intron 500000 --min-isoform-fraction 0.15 --output-dir RNA1_ctrl/ --max-multihits 20 --max-seg-multihits 40 --segment-length 25 --segment-mismatches 2 --min-closure-exon 100 --min-closure-intron 50 --max-closure-intron 5000 --min-coverage-intron 50 --max-coverage-intron 20000 --min-segment-intron 50 --max-segment-intron 500000 --read-mismatches 2 --read-gap-length 2 --read-edit-dist 2 --read-realign-edit-dist 3 --max-insertion-length 3 --max-deletion-length 3 -z gzip -p5 --no-closure-search --no-coverage-search --no-microexon-search --aux-outfile=RNA1_ctrl/prep_reads.info --index-outfile=RNA1_ctrl/tmp/left_kept_reads.bam.index --sam-header=RNA1_ctrl/tmp/genome_genome.bwt.samheader.sam --outfile=RNA1_ctrl/tmp/left_kept_reads.bam SRR960409.fastq
#>map_start:
/opt/RNA-Seq/bin/tophat-2.0.11.Linux_x86_64/bam2fastx --all RNA1_ctrl/tmp/left_kept_reads.bam|/opt/RNA-Seq/bin/bowtie2-2.2.1/bowtie2 -k 20 -D 15 -R 2 -N 0 -L 20 -i S,1,1.25 --gbar 4 --mp 6,2 --np 1 --rdg 5,3 --rfg 5,3 --score-min C,-14,0 -p 5 --sam-no-hd -x genome -|/opt/RNA-Seq/bin/tophat-2.0.11.Linux_x86_64/fix_map_ordering --bowtie2-min-score 15 --read-mismatches 2 --read-gap-length 2 --read-edit-dist 2 --read-realign-edit-dist 3 --index-outfile RNA1_ctrl/tmp/left_kept_reads.mapped.bam.index --sam-header RNA1_ctrl/tmp/genome_genome.bwt.samheader.sam - RNA1_ctrl/tmp/left_kept_reads.mapped.bam RNA1_ctrl/tmp/left_kept_reads_unmapped.bam
#>map_segments:
#>find_juncs:
/opt/RNA-Seq/bin/tophat-2.0.11.Linux_x86_64/segment_juncs --min-anchor 8 --splice-mismatches 0 --min-report-intron 50 --max-report-intron 500000 --min-isoform-fraction 0.15 --output-dir RNA1_ctrl/ --max-multihits 20 --max-seg-multihits 40 --segment-length 25 --segment-mismatches 2 --min-closure-exon 100 --min-closure-intron 50 --max-closure-intron 5000 --min-coverage-intron 50 --max-coverage-intron 20000 --min-segment-intron 50 --max-segment-intron 500000 --read-mismatches 2 --read-gap-length 2 --read-edit-dist 2 --read-realign-edit-dist 3 --max-insertion-length 3 --max-deletion-length 3 -z gzip -p5 --no-closure-search --no-coverage-search --no-microexon-search --sam-header RNA1_ctrl/tmp/genome_genome.bwt.samheader.sam --ium-reads RNA1_ctrl/tmp/left_kept_reads_unmapped.bam RNA1_ctrl/tmp/genome.fa RNA1_ctrl/tmp/segment.juncs RNA1_ctrl/tmp/segment.insertions RNA1_ctrl/tmp/segment.deletions RNA1_ctrl/tmp/segment.fusions RNA1_ctrl/tmp/left_kept_reads.bam RNA1_ctrl/tmp/left_kept_reads.mapped.bam RNA1_ctrl/tmp/left_kept_reads.mapped.bam
#>juncs_db:
#>map2juncs:
#>tophat_reports:
/opt/RNA-Seq/bin/tophat-2.0.11.Linux_x86_64/tophat_reports --min-anchor 8 --splice-mismatches 0 --min-report-intron 50 --max-report-intron 500000 --min-isoform-fraction 0.15 --output-dir RNA1_ctrl/ --max-multihits 20 --max-seg-multihits 40 --segment-length 25 --segment-mismatches 2 --min-closure-exon 100 --min-closure-intron 50 --max-closure-intron 5000 --min-coverage-intron 50 --max-coverage-intron 20000 --min-segment-intron 50 --max-segment-intron 500000 --read-mismatches 2 --read-gap-length 2 --read-edit-dist 2 --read-realign-edit-dist 3 --max-insertion-length 3 --max-deletion-length 3 -z gzip -p5 --no-closure-search --no-coverage-search --no-microexon-search --sam-header RNA1_ctrl/tmp/genome_genome.bwt.samheader.sam --report-discordant-pair-alignments --report-mixed-alignments --samtools=/usr/local/bin/samtools --bowtie2-max-penalty 6 --bowtie2-min-penalty 2 --bowtie2-penalty-for-N 1 --bowtie2-read-gap-open 5 --bowtie2-read-gap-cont 3 --bowtie2-ref-gap-open 5 --bowtie2-ref-gap-cont 3 RNA1_ctrl/tmp/genome.fa RNA1_ctrl/junctions.bed RNA1_ctrl/insertions.bed RNA1_ctrl/deletions.bed RNA1_ctrl/fusions.out RNA1_ctrl/tmp/accepted_hits RNA1_ctrl/tmp/left_kept_reads.mapped.bam RNA1_ctrl/tmp/left_kept_reads.bam
/usr/local/bin/samtools sort RNA1_ctrl/tmp/accepted_hits0.bam RNA1_ctrl/tmp/accepted_hits0_sorted
/usr/local/bin/samtools sort RNA1_ctrl/tmp/accepted_hits1.bam RNA1_ctrl/tmp/accepted_hits1_sorted
/usr/local/bin/samtools sort RNA1_ctrl/tmp/accepted_hits2.bam RNA1_ctrl/tmp/accepted_hits2_sorted
/usr/local/bin/samtools sort RNA1_ctrl/tmp/accepted_hits3.bam RNA1_ctrl/tmp/accepted_hits3_sorted
/usr/local/bin/samtools sort RNA1_ctrl/tmp/accepted_hits4.bam RNA1_ctrl/tmp/accepted_hits4_sorted
/usr/local/bin/samtools merge -f -h RNA1_ctrl/tmp/genome_genome.bwt.samheader.sam RNA1_ctrl/accepted_hits.bam RNA1_ctrl/tmp/accepted_hits0_sorted.bam RNA1_ctrl/tmp/accepted_hits1_sorted.bam RNA1_ctrl/tmp/accepted_hits2_sorted.bam RNA1_ctrl/tmp/accepted_hits3_sorted.bam RNA1_ctrl/tmp/accepted_hits4_sorted.bam
/opt/RNA-Seq/bin/tophat-2.0.11.Linux_x86_64/bam_merge -Q --sam-header RNA1_ctrl/tmp/genome_genome.bwt.samheader.sam RNA1_ctrl/unmapped.bam RNA1_ctrl/tmp/unmapped_left_0.bam RNA1_ctrl/tmp/unmapped_left_1.bam RNA1_ctrl/tmp/unmapped_left_2.bam RNA1_ctrl/tmp/unmapped_left_3.bam RNA1_ctrl/tmp/unmapped_left_4.bam
#>alldone:
