
[2014-07-02 11:23:30] Beginning TopHat run (v2.0.11)
-----------------------------------------------
[2014-07-02 11:23:30] Checking for Bowtie
		  Bowtie version:	 2.2.1.0
[2014-07-02 11:23:30] Checking for Samtools
		Samtools version:	 0.1.19.0
[2014-07-02 11:23:30] Checking for Bowtie index files (genome)..
[2014-07-02 11:23:30] Checking for reference FASTA file
	Warning: Could not find FASTA file genome.fa
[2014-07-02 11:23:30] Reconstituting reference FASTA file from Bowtie index
  Executing: /opt/RNA-Seq/bin/bowtie2-2.2.1/bowtie2-inspect genome > C9_28i/tmp/genome.fa
[2014-07-02 11:25:31] Generating SAM header for genome
[2014-07-02 11:25:53] Preparing reads
	 left reads: min. length=50, max. length=50, 25073156 kept reads (3476 discarded)
[2014-07-02 11:29:47] Mapping left_kept_reads to genome genome with Bowtie2 
[2014-07-02 11:48:03] Mapping left_kept_reads_seg1 to genome genome with Bowtie2 (1/2)
[2014-07-02 11:50:16] Mapping left_kept_reads_seg2 to genome genome with Bowtie2 (2/2)
[2014-07-02 11:52:07] Searching for junctions via segment mapping
[2014-07-02 12:14:21] Retrieving sequences for splices
[2014-07-02 12:16:14] Indexing splices
[2014-07-02 12:24:13] Mapping left_kept_reads_seg1 to genome segment_juncs with Bowtie2 (1/2)
[2014-07-02 12:25:36] Mapping left_kept_reads_seg2 to genome segment_juncs with Bowtie2 (2/2)
[2014-07-02 12:27:09] Joining segment hits
[2014-07-02 12:29:53] Reporting output tracks
-----------------------------------------------
[2014-07-02 12:39:12] A summary of the alignment counts can be found in C9_28i/align_summary.txt
[2014-07-02 12:39:12] Run complete: 01:15:42 elapsed
