segment_juncs v2.0.9 (3067M)
---------------------------
[samopen] SAM header is present: 15 sequences.
Loading reference sequences...
	Loading 2L...done
	Loading 2LHet...done
	Loading 2R...done
	Loading 2RHet...done
	Loading 3L...done
	Loading 3LHet...done
	Loading 3R...done
	Loading 3RHet...done
	Loading 4...done
	Loading U...done
	Loading Uextra...done
	Loading X...done
	Loading XHet...done
	Loading YHet...done
	Loading dmel_mitochondrion_genome...done
	Loading ...done
>> Performing segment-search:
	found 0 potential split-segment junctions
	found 0 potential small deletions
	found 0 potential small insertions
Reported 0 total potential splices
Reporting 0 potential deletions...
Reporting 0 potential insertions...
Reporting potential fusions...
