/opt/RNA-Seq/bin/tophat-2.0.11.Linux_x86_64/tophat --no-coverage-search -p 5 -o Starved_1 genome SRR314738.fastq
#>prep_reads:
/opt/RNA-Seq/bin/tophat-2.0.11.Linux_x86_64/prep_reads --min-anchor 8 --splice-mismatches 0 --min-report-intron 50 --max-report-intron 500000 --min-isoform-fraction 0.15 --output-dir Starved_1/ --max-multihits 20 --max-seg-multihits 40 --segment-length 25 --segment-mismatches 2 --min-closure-exon 100 --min-closure-intron 50 --max-closure-intron 5000 --min-coverage-intron 50 --max-coverage-intron 20000 --min-segment-intron 50 --max-segment-intron 500000 --read-mismatches 2 --read-gap-length 2 --read-edit-dist 2 --read-realign-edit-dist 3 --max-insertion-length 3 --max-deletion-length 3 -z gzip -p5 --no-closure-search --no-coverage-search --no-microexon-search --aux-outfile=Starved_1/prep_reads.info --index-outfile=Starved_1/tmp/left_kept_reads.bam.index --sam-header=Starved_1/tmp/genome_genome.bwt.samheader.sam --outfile=Starved_1/tmp/left_kept_reads.bam SRR314738.fastq
#>map_start:
/opt/RNA-Seq/bin/tophat-2.0.11.Linux_x86_64/bam2fastx --all Starved_1/tmp/left_kept_reads.bam|/opt/RNA-Seq/bin/bowtie2-2.2.1/bowtie2 -k 20 -D 15 -R 2 -N 0 -L 20 -i S,1,1.25 --gbar 4 --mp 6,2 --np 1 --rdg 5,3 --rfg 5,3 --score-min C,-14,0 -p 5 --sam-no-hd -x genome -|/opt/RNA-Seq/bin/tophat-2.0.11.Linux_x86_64/fix_map_ordering --bowtie2-min-score 15 --read-mismatches 2 --read-gap-length 2 --read-edit-dist 2 --read-realign-edit-dist 3 --index-outfile Starved_1/tmp/left_kept_reads.mapped.bam.index --sam-header Starved_1/tmp/genome_genome.bwt.samheader.sam - Starved_1/tmp/left_kept_reads.mapped.bam Starved_1/tmp/left_kept_reads_unmapped.bam
#>map_segments:
#>find_juncs:
/opt/RNA-Seq/bin/tophat-2.0.11.Linux_x86_64/segment_juncs --min-anchor 8 --splice-mismatches 0 --min-report-intron 50 --max-report-intron 500000 --min-isoform-fraction 0.15 --output-dir Starved_1/ --max-multihits 20 --max-seg-multihits 40 --segment-length 25 --segment-mismatches 2 --min-closure-exon 100 --min-closure-intron 50 --max-closure-intron 5000 --min-coverage-intron 50 --max-coverage-intron 20000 --min-segment-intron 50 --max-segment-intron 500000 --read-mismatches 2 --read-gap-length 2 --read-edit-dist 2 --read-realign-edit-dist 3 --max-insertion-length 3 --max-deletion-length 3 -z gzip -p5 --no-closure-search --no-coverage-search --no-microexon-search --sam-header Starved_1/tmp/genome_genome.bwt.samheader.sam --ium-reads Starved_1/tmp/left_kept_reads_unmapped.bam Starved_1/tmp/genome.fa Starved_1/tmp/segment.juncs Starved_1/tmp/segment.insertions Starved_1/tmp/segment.deletions Starved_1/tmp/segment.fusions Starved_1/tmp/left_kept_reads.bam Starved_1/tmp/left_kept_reads.mapped.bam Starved_1/tmp/left_kept_reads.mapped.bam
#>juncs_db:
#>map2juncs:
#>tophat_reports:
/opt/RNA-Seq/bin/tophat-2.0.11.Linux_x86_64/tophat_reports --min-anchor 8 --splice-mismatches 0 --min-report-intron 50 --max-report-intron 500000 --min-isoform-fraction 0.15 --output-dir Starved_1/ --max-multihits 20 --max-seg-multihits 40 --segment-length 25 --segment-mismatches 2 --min-closure-exon 100 --min-closure-intron 50 --max-closure-intron 5000 --min-coverage-intron 50 --max-coverage-intron 20000 --min-segment-intron 50 --max-segment-intron 500000 --read-mismatches 2 --read-gap-length 2 --read-edit-dist 2 --read-realign-edit-dist 3 --max-insertion-length 3 --max-deletion-length 3 -z gzip -p5 --no-closure-search --no-coverage-search --no-microexon-search --sam-header Starved_1/tmp/genome_genome.bwt.samheader.sam --report-discordant-pair-alignments --report-mixed-alignments --samtools=/usr/local/bin/samtools --bowtie2-max-penalty 6 --bowtie2-min-penalty 2 --bowtie2-penalty-for-N 1 --bowtie2-read-gap-open 5 --bowtie2-read-gap-cont 3 --bowtie2-ref-gap-open 5 --bowtie2-ref-gap-cont 3 Starved_1/tmp/genome.fa Starved_1/junctions.bed Starved_1/insertions.bed Starved_1/deletions.bed Starved_1/fusions.out Starved_1/tmp/accepted_hits Starved_1/tmp/left_kept_reads.mapped.bam Starved_1/tmp/left_kept_reads.bam
/usr/local/bin/samtools sort Starved_1/tmp/accepted_hits0.bam Starved_1/tmp/accepted_hits0_sorted
/usr/local/bin/samtools sort Starved_1/tmp/accepted_hits1.bam Starved_1/tmp/accepted_hits1_sorted
/usr/local/bin/samtools sort Starved_1/tmp/accepted_hits2.bam Starved_1/tmp/accepted_hits2_sorted
/usr/local/bin/samtools sort Starved_1/tmp/accepted_hits3.bam Starved_1/tmp/accepted_hits3_sorted
/usr/local/bin/samtools sort Starved_1/tmp/accepted_hits4.bam Starved_1/tmp/accepted_hits4_sorted
/usr/local/bin/samtools merge -f -h Starved_1/tmp/genome_genome.bwt.samheader.sam Starved_1/accepted_hits.bam Starved_1/tmp/accepted_hits0_sorted.bam Starved_1/tmp/accepted_hits1_sorted.bam Starved_1/tmp/accepted_hits2_sorted.bam Starved_1/tmp/accepted_hits3_sorted.bam Starved_1/tmp/accepted_hits4_sorted.bam
/opt/RNA-Seq/bin/tophat-2.0.11.Linux_x86_64/bam_merge -Q --sam-header Starved_1/tmp/genome_genome.bwt.samheader.sam Starved_1/unmapped.bam Starved_1/tmp/unmapped_left_0.bam Starved_1/tmp/unmapped_left_1.bam Starved_1/tmp/unmapped_left_2.bam Starved_1/tmp/unmapped_left_3.bam Starved_1/tmp/unmapped_left_4.bam
#>alldone:
