Settings:
  Output files: "dT_ori/tmp/segment_juncs.*.bt2"
  Line rate: 6 (line is 64 bytes)
  Lines per side: 1 (side is 64 bytes)
  Offset rate: 4 (one in 16)
  FTable chars: 10
  Strings: unpacked
  Max bucket size: default
  Max bucket size, sqrt multiplier: default
  Max bucket size, len divisor: 4
  Difference-cover sample period: 1024
  Endianness: little
  Actual local endianness: little
  Sanity checking: disabled
  Assertions: disabled
  Random seed: 0
  Sizeofs: void*:8, int:4, long:8, size_t:8
Input files DNA, FASTA:
  dT_ori/tmp/segment_juncs.fa
Reading reference sizes
  Time reading reference sizes: 00:00:00
Calculating joined length
Writing header
Reserving space for joined string
Joining reference sequences
  Time to join reference sequences: 00:00:00
bmax according to bmaxDivN setting: 4659062
Using parameters --bmax 3494297 --dcv 1024
  Doing ahead-of-time memory usage test
  Passed!  Constructing with these parameters: --bmax 3494297 --dcv 1024
Constructing suffix-array element generator
Building DifferenceCoverSample
  Building sPrime
  Building sPrimeOrder
  V-Sorting samples
  V-Sorting samples time: 00:00:01
  Allocating rank array
  Ranking v-sort output
  Ranking v-sort output time: 00:00:00
  Invoking Larsson-Sadakane on ranks
  Invoking Larsson-Sadakane on ranks time: 00:00:00
  Sanity-checking and returning
Building samples
Reserving space for 12 sample suffixes
Generating random suffixes
QSorting 12 sample offsets, eliminating duplicates
QSorting sample offsets, eliminating duplicates time: 00:00:00
Multikey QSorting 12 samples
  (Using difference cover)
  Multikey QSorting samples time: 00:00:00
Calculating bucket sizes
  Binary sorting into buckets
  10%
  20%
  30%
  40%
  50%
  60%
  70%
  80%
  90%
  100%
  Binary sorting into buckets time: 00:00:01
Splitting and merging
  Splitting and merging time: 00:00:00
Split 2, merged 6; iterating...
  Binary sorting into buckets
  10%
  20%
  30%
  40%
  50%
  60%
  70%
  80%
  90%
  100%
  Binary sorting into buckets time: 00:00:00
Splitting and merging
  Splitting and merging time: 00:00:00
Split 2, merged 2; iterating...
  Binary sorting into buckets
  10%
  20%
  30%
  40%
  50%
  60%
  70%
  80%
  90%
  100%
  Binary sorting into buckets time: 00:00:01
Splitting and merging
  Splitting and merging time: 00:00:00
Avg bucket size: 2.66232e+06 (target: 3494296)
Converting suffix-array elements to index image
Allocating ftab, absorbFtab
Entering Ebwt loop
Getting block 1 of 7
  Reserving size (3494297) for bucket
  Calculating Z arrays
  Calculating Z arrays time: 00:00:00
  Entering block accumulator loop:
  10%
  20%
  30%
  40%
  50%
  60%
  70%
  80%
  90%
  100%
  Block accumulator loop time: 00:00:00
  Sorting block of length 1983474
  (Using difference cover)
  Sorting block time: 00:00:00
Returning block of 1983475
Getting block 2 of 7
  Reserving size (3494297) for bucket
  Calculating Z arrays
  Calculating Z arrays time: 00:00:00
  Entering block accumulator loop:
  10%
  20%
  30%
  40%
  50%
  60%
  70%
  80%
  90%
  100%
  Block accumulator loop time: 00:00:00
  Sorting block of length 2104950
  (Using difference cover)
  Sorting block time: 00:00:00
Returning block of 2104951
Getting block 3 of 7
  Reserving size (3494297) for bucket
  Calculating Z arrays
  Calculating Z arrays time: 00:00:00
  Entering block accumulator loop:
  10%
  20%
  30%
  40%
  50%
  60%
  70%
  80%
  90%
  100%
  Block accumulator loop time: 00:00:01
  Sorting block of length 3243466
  (Using difference cover)
  Sorting block time: 00:00:00
Returning block of 3243467
Getting block 4 of 7
  Reserving size (3494297) for bucket
  Calculating Z arrays
  Calculating Z arrays time: 00:00:00
  Entering block accumulator loop:
  10%
  20%
  30%
  40%
  50%
  60%
  70%
  80%
  90%
  100%
  Block accumulator loop time: 00:00:01
  Sorting block of length 2964004
  (Using difference cover)
  Sorting block time: 00:00:00
Returning block of 2964005
Getting block 5 of 7
  Reserving size (3494297) for bucket
  Calculating Z arrays
  Calculating Z arrays time: 00:00:00
  Entering block accumulator loop:
  10%
  20%
  30%
  40%
  50%
  60%
  70%
  80%
  90%
  100%
  Block accumulator loop time: 00:00:01
  Sorting block of length 3384005
  (Using difference cover)
  Sorting block time: 00:00:00
Returning block of 3384006
Getting block 6 of 7
  Reserving size (3494297) for bucket
  Calculating Z arrays
  Calculating Z arrays time: 00:00:00
  Entering block accumulator loop:
  10%
  20%
  30%
  40%
  50%
  60%
  70%
  80%
  90%
  100%
  Block accumulator loop time: 00:00:01
  Sorting block of length 3455047
  (Using difference cover)
  Sorting block time: 00:00:00
Returning block of 3455048
Getting block 7 of 7
  Reserving size (3494297) for bucket
  Calculating Z arrays
  Calculating Z arrays time: 00:00:00
  Entering block accumulator loop:
  10%
  20%
  30%
  40%
  50%
  60%
  70%
  80%
  90%
  100%
  Block accumulator loop time: 00:00:00
  Sorting block of length 1501298
  (Using difference cover)
  Sorting block time: 00:00:01
Returning block of 1501299
Exited Ebwt loop
fchr[A]: 0
fchr[C]: 6344083
fchr[G]: 9382660
fchr[T]: 12394458
fchr[$]: 18636250
Exiting Ebwt::buildToDisk()
Returning from initFromVector
Wrote 31321487 bytes to primary EBWT file: dT_ori/tmp/segment_juncs.1.bt2
Wrote 4659068 bytes to secondary EBWT file: dT_ori/tmp/segment_juncs.2.bt2
Re-opening _in1 and _in2 as input streams
Returning from Ebwt constructor
Headers:
    len: 18636250
    bwtLen: 18636251
    sz: 4659063
    bwtSz: 4659063
    lineRate: 6
    offRate: 4
    offMask: 0xfffffff0
    ftabChars: 10
    eftabLen: 20
    eftabSz: 80
    ftabLen: 1048577
    ftabSz: 4194308
    offsLen: 1164766
    offsSz: 4659064
    lineSz: 64
    sideSz: 64
    sideBwtSz: 48
    sideBwtLen: 192
    numSides: 97064
    numLines: 97064
    ebwtTotLen: 6212096
    ebwtTotSz: 6212096
    color: 0
    reverse: 0
Total time for call to driver() for forward index: 00:00:09
Reading reference sizes
  Time reading reference sizes: 00:00:00
Calculating joined length
Writing header
Reserving space for joined string
Joining reference sequences
  Time to join reference sequences: 00:00:01
  Time to reverse reference sequence: 00:00:00
bmax according to bmaxDivN setting: 4659062
Using parameters --bmax 3494297 --dcv 1024
  Doing ahead-of-time memory usage test
  Passed!  Constructing with these parameters: --bmax 3494297 --dcv 1024
Constructing suffix-array element generator
Building DifferenceCoverSample
  Building sPrime
  Building sPrimeOrder
  V-Sorting samples
  V-Sorting samples time: 00:00:00
  Allocating rank array
  Ranking v-sort output
  Ranking v-sort output time: 00:00:00
  Invoking Larsson-Sadakane on ranks
  Invoking Larsson-Sadakane on ranks time: 00:00:00
  Sanity-checking and returning
Building samples
Reserving space for 12 sample suffixes
Generating random suffixes
QSorting 12 sample offsets, eliminating duplicates
QSorting sample offsets, eliminating duplicates time: 00:00:00
Multikey QSorting 12 samples
  (Using difference cover)
  Multikey QSorting samples time: 00:00:00
Calculating bucket sizes
  Binary sorting into buckets
  10%
  20%
  30%
  40%
  50%
  60%
  70%
  80%
  90%
  100%
  Binary sorting into buckets time: 00:00:01
Splitting and merging
  Splitting and merging time: 00:00:00
Split 2, merged 7; iterating...
  Binary sorting into buckets
  10%
  20%
  30%
  40%
  50%
  60%
  70%
  80%
  90%
  100%
  Binary sorting into buckets time: 00:00:01
Splitting and merging
  Splitting and merging time: 00:00:00
Avg bucket size: 2.32953e+06 (target: 3494296)
Converting suffix-array elements to index image
Allocating ftab, absorbFtab
Entering Ebwt loop
Getting block 1 of 8
  Reserving size (3494297) for bucket
  Calculating Z arrays
  Calculating Z arrays time: 00:00:00
  Entering block accumulator loop:
  10%
  20%
  30%
  40%
  50%
  60%
  70%
  80%
  90%
  100%
  Block accumulator loop time: 00:00:00
  Sorting block of length 1857604
  (Using difference cover)
  Sorting block time: 00:00:00
Returning block of 1857605
Getting block 2 of 8
  Reserving size (3494297) for bucket
  Calculating Z arrays
  Calculating Z arrays time: 00:00:00
  Entering block accumulator loop:
  10%
  20%
  30%
  40%
  50%
  60%
  70%
  80%
  90%
  100%
  Block accumulator loop time: 00:00:00
  Sorting block of length 2835760
  (Using difference cover)
  Sorting block time: 00:00:01
Returning block of 2835761
Getting block 3 of 8
  Reserving size (3494297) for bucket
  Calculating Z arrays
  Calculating Z arrays time: 00:00:00
  Entering block accumulator loop:
  10%
  20%
  30%
  40%
  50%
  60%
  70%
  80%
  90%
  100%
  Block accumulator loop time: 00:00:00
  Sorting block of length 3348262
  (Using difference cover)
  Sorting block time: 00:00:01
Returning block of 3348263
Getting block 4 of 8
  Reserving size (3494297) for bucket
  Calculating Z arrays
  Calculating Z arrays time: 00:00:00
  Entering block accumulator loop:
  10%
  20%
  30%
  40%
  50%
  60%
  70%
  80%
  90%
  100%
  Block accumulator loop time: 00:00:00
  Sorting block of length 1204119
  (Using difference cover)
  Sorting block time: 00:00:01
Returning block of 1204120
Getting block 5 of 8
  Reserving size (3494297) for bucket
  Calculating Z arrays
  Calculating Z arrays time: 00:00:00
  Entering block accumulator loop:
  10%
  20%
  30%
  40%
  50%
  60%
  70%
  80%
  90%
  100%
  Block accumulator loop time: 00:00:00
  Sorting block of length 2457874
  (Using difference cover)
  Sorting block time: 00:00:00
Returning block of 2457875
Getting block 6 of 8
  Reserving size (3494297) for bucket
  Calculating Z arrays
  Calculating Z arrays time: 00:00:00
  Entering block accumulator loop:
  10%
  20%
  30%
  40%
  50%
  60%
  70%
  80%
  90%
  100%
  Block accumulator loop time: 00:00:01
  Sorting block of length 2117220
  (Using difference cover)
  Sorting block time: 00:00:00
Returning block of 2117221
Getting block 7 of 8
  Reserving size (3494297) for bucket
  Calculating Z arrays
  Calculating Z arrays time: 00:00:00
  Entering block accumulator loop:
  10%
  20%
  30%
  40%
  50%
  60%
  70%
  80%
  90%
  100%
  Block accumulator loop time: 00:00:00
  Sorting block of length 1922363
  (Using difference cover)
  Sorting block time: 00:00:01
Returning block of 1922364
Getting block 8 of 8
  Reserving size (3494297) for bucket
  Calculating Z arrays
  Calculating Z arrays time: 00:00:00
  Entering block accumulator loop:
  10%
  20%
  30%
  40%
  50%
  60%
  70%
  80%
  90%
  100%
  Block accumulator loop time: 00:00:00
  Sorting block of length 2893041
  (Using difference cover)
  Sorting block time: 00:00:01
Returning block of 2893042
Exited Ebwt loop
fchr[A]: 0
fchr[C]: 6344083
fchr[G]: 9382660
fchr[T]: 12394458
fchr[$]: 18636250
Exiting Ebwt::buildToDisk()
Returning from initFromVector
Wrote 31321487 bytes to primary EBWT file: dT_ori/tmp/segment_juncs.rev.1.bt2
Wrote 4659068 bytes to secondary EBWT file: dT_ori/tmp/segment_juncs.rev.2.bt2
Re-opening _in1 and _in2 as input streams
Returning from Ebwt constructor
Headers:
    len: 18636250
    bwtLen: 18636251
    sz: 4659063
    bwtSz: 4659063
    lineRate: 6
    offRate: 4
    offMask: 0xfffffff0
    ftabChars: 10
    eftabLen: 20
    eftabSz: 80
    ftabLen: 1048577
    ftabSz: 4194308
    offsLen: 1164766
    offsSz: 4659064
    lineSz: 64
    sideSz: 64
    sideBwtSz: 48
    sideBwtLen: 192
    numSides: 97064
    numLines: 97064
    ebwtTotLen: 6212096
    ebwtTotSz: 6212096
    color: 0
    reverse: 1
Total time for backward call to driver() for mirror index: 00:00:09
