/opt/RNA-Seq/bin/tophat-2.0.11.Linux_x86_64/tophat --no-coverage-search -p 11 -o dT_ori /home/brb/igenome/yeast/EnsemblEF4//genome SRR002051.fastq
#>prep_reads:
/opt/RNA-Seq/bin/tophat-2.0.11.Linux_x86_64/prep_reads --min-anchor 8 --splice-mismatches 0 --min-report-intron 50 --max-report-intron 500000 --min-isoform-fraction 0.15 --output-dir dT_ori/ --max-multihits 20 --max-seg-multihits 40 --segment-length 25 --segment-mismatches 2 --min-closure-exon 100 --min-closure-intron 50 --max-closure-intron 5000 --min-coverage-intron 50 --max-coverage-intron 20000 --min-segment-intron 50 --max-segment-intron 500000 --read-mismatches 2 --read-gap-length 2 --read-edit-dist 2 --read-realign-edit-dist 3 --max-insertion-length 3 --max-deletion-length 3 -z gzip -p11 --no-closure-search --no-coverage-search --no-microexon-search --aux-outfile=dT_ori/prep_reads.info --index-outfile=dT_ori/tmp/left_kept_reads.bam.index --sam-header=dT_ori/tmp/genome_genome.bwt.samheader.sam --outfile=dT_ori/tmp/left_kept_reads.bam SRR002051.fastq
#>map_start:
/opt/RNA-Seq/bin/tophat-2.0.11.Linux_x86_64/bam2fastx --all dT_ori/tmp/left_kept_reads.bam|/opt/RNA-Seq/bin/bowtie2-2.2.1/bowtie2 -k 20 -D 15 -R 2 -N 0 -L 20 -i S,1,1.25 --gbar 4 --mp 6,2 --np 1 --rdg 5,3 --rfg 5,3 --score-min C,-14,0 -p 11 --sam-no-hd -x /home/brb/igenome/yeast/EnsemblEF4//genome -|/opt/RNA-Seq/bin/tophat-2.0.11.Linux_x86_64/fix_map_ordering --bowtie2-min-score 15 --read-mismatches 2 --read-gap-length 2 --read-edit-dist 2 --read-realign-edit-dist 3 --index-outfile dT_ori/tmp/left_kept_reads.mapped.bam.index --sam-header dT_ori/tmp/genome_genome.bwt.samheader.sam - dT_ori/tmp/left_kept_reads.mapped.bam dT_ori/tmp/left_kept_reads_unmapped.bam
#>map_segments:
#>find_juncs:
/opt/RNA-Seq/bin/tophat-2.0.11.Linux_x86_64/segment_juncs --min-anchor 8 --splice-mismatches 0 --min-report-intron 50 --max-report-intron 500000 --min-isoform-fraction 0.15 --output-dir dT_ori/ --max-multihits 20 --max-seg-multihits 40 --segment-length 25 --segment-mismatches 2 --min-closure-exon 100 --min-closure-intron 50 --max-closure-intron 5000 --min-coverage-intron 50 --max-coverage-intron 20000 --min-segment-intron 50 --max-segment-intron 500000 --read-mismatches 2 --read-gap-length 2 --read-edit-dist 2 --read-realign-edit-dist 3 --max-insertion-length 3 --max-deletion-length 3 -z gzip -p11 --no-closure-search --no-coverage-search --no-microexon-search --sam-header dT_ori/tmp/genome_genome.bwt.samheader.sam --ium-reads dT_ori/tmp/left_kept_reads_unmapped.bam /home/brb/igenome/yeast/EnsemblEF4//genome.fa dT_ori/tmp/segment.juncs dT_ori/tmp/segment.insertions dT_ori/tmp/segment.deletions dT_ori/tmp/segment.fusions dT_ori/tmp/left_kept_reads.bam dT_ori/tmp/left_kept_reads.mapped.bam dT_ori/tmp/left_kept_reads.mapped.bam
#>juncs_db:
#>map2juncs:
#>tophat_reports:
/opt/RNA-Seq/bin/tophat-2.0.11.Linux_x86_64/tophat_reports --min-anchor 8 --splice-mismatches 0 --min-report-intron 50 --max-report-intron 500000 --min-isoform-fraction 0.15 --output-dir dT_ori/ --max-multihits 20 --max-seg-multihits 40 --segment-length 25 --segment-mismatches 2 --min-closure-exon 100 --min-closure-intron 50 --max-closure-intron 5000 --min-coverage-intron 50 --max-coverage-intron 20000 --min-segment-intron 50 --max-segment-intron 500000 --read-mismatches 2 --read-gap-length 2 --read-edit-dist 2 --read-realign-edit-dist 3 --max-insertion-length 3 --max-deletion-length 3 -z gzip -p11 --no-closure-search --no-coverage-search --no-microexon-search --sam-header dT_ori/tmp/genome_genome.bwt.samheader.sam --report-discordant-pair-alignments --report-mixed-alignments --samtools=/opt/RNA-Seq/bin/samtools-0.1.19/samtools --bowtie2-max-penalty 6 --bowtie2-min-penalty 2 --bowtie2-penalty-for-N 1 --bowtie2-read-gap-open 5 --bowtie2-read-gap-cont 3 --bowtie2-ref-gap-open 5 --bowtie2-ref-gap-cont 3 /home/brb/igenome/yeast/EnsemblEF4//genome.fa dT_ori/junctions.bed dT_ori/insertions.bed dT_ori/deletions.bed dT_ori/fusions.out dT_ori/tmp/accepted_hits dT_ori/tmp/left_kept_reads.mapped.bam dT_ori/tmp/left_kept_reads.bam
/opt/RNA-Seq/bin/samtools-0.1.19/samtools sort dT_ori/tmp/accepted_hits0.bam dT_ori/tmp/accepted_hits0_sorted
/opt/RNA-Seq/bin/samtools-0.1.19/samtools sort dT_ori/tmp/accepted_hits1.bam dT_ori/tmp/accepted_hits1_sorted
/opt/RNA-Seq/bin/samtools-0.1.19/samtools sort dT_ori/tmp/accepted_hits2.bam dT_ori/tmp/accepted_hits2_sorted
/opt/RNA-Seq/bin/samtools-0.1.19/samtools sort dT_ori/tmp/accepted_hits3.bam dT_ori/tmp/accepted_hits3_sorted
/opt/RNA-Seq/bin/samtools-0.1.19/samtools sort dT_ori/tmp/accepted_hits4.bam dT_ori/tmp/accepted_hits4_sorted
/opt/RNA-Seq/bin/samtools-0.1.19/samtools sort dT_ori/tmp/accepted_hits5.bam dT_ori/tmp/accepted_hits5_sorted
/opt/RNA-Seq/bin/samtools-0.1.19/samtools sort dT_ori/tmp/accepted_hits6.bam dT_ori/tmp/accepted_hits6_sorted
/opt/RNA-Seq/bin/samtools-0.1.19/samtools sort dT_ori/tmp/accepted_hits7.bam dT_ori/tmp/accepted_hits7_sorted
/opt/RNA-Seq/bin/samtools-0.1.19/samtools sort dT_ori/tmp/accepted_hits8.bam dT_ori/tmp/accepted_hits8_sorted
/opt/RNA-Seq/bin/samtools-0.1.19/samtools sort dT_ori/tmp/accepted_hits9.bam dT_ori/tmp/accepted_hits9_sorted
/opt/RNA-Seq/bin/samtools-0.1.19/samtools sort dT_ori/tmp/accepted_hits10.bam dT_ori/tmp/accepted_hits10_sorted
/opt/RNA-Seq/bin/samtools-0.1.19/samtools merge -f -h dT_ori/tmp/genome_genome.bwt.samheader.sam dT_ori/accepted_hits.bam dT_ori/tmp/accepted_hits0_sorted.bam dT_ori/tmp/accepted_hits1_sorted.bam dT_ori/tmp/accepted_hits2_sorted.bam dT_ori/tmp/accepted_hits3_sorted.bam dT_ori/tmp/accepted_hits4_sorted.bam dT_ori/tmp/accepted_hits5_sorted.bam dT_ori/tmp/accepted_hits6_sorted.bam dT_ori/tmp/accepted_hits7_sorted.bam dT_ori/tmp/accepted_hits8_sorted.bam dT_ori/tmp/accepted_hits9_sorted.bam dT_ori/tmp/accepted_hits10_sorted.bam
/opt/RNA-Seq/bin/tophat-2.0.11.Linux_x86_64/bam_merge -Q --sam-header dT_ori/tmp/genome_genome.bwt.samheader.sam dT_ori/unmapped.bam dT_ori/tmp/unmapped_left_0.bam dT_ori/tmp/unmapped_left_1.bam dT_ori/tmp/unmapped_left_2.bam dT_ori/tmp/unmapped_left_3.bam dT_ori/tmp/unmapped_left_4.bam dT_ori/tmp/unmapped_left_5.bam dT_ori/tmp/unmapped_left_6.bam dT_ori/tmp/unmapped_left_7.bam dT_ori/tmp/unmapped_left_8.bam dT_ori/tmp/unmapped_left_9.bam dT_ori/tmp/unmapped_left_10.bam
#>alldone:
