segment_juncs v2.0.9 (3067M)
---------------------------
[samopen] SAM header is present: 17 sequences.
Loading reference sequences...
	Loading I...done
	Loading II...done
	Loading III...done
	Loading IV...done
	Loading IX...done
	Loading MT...done
	Loading V...done
	Loading VI...done
	Loading VII...done
	Loading VIII...done
	Loading X...done
	Loading XI...done
	Loading XII...done
	Loading XIII...done
	Loading XIV...done
	Loading XV...done
	Loading XVI...done
	Loading ...done
>> Performing segment-search:
	found 0 potential split-segment junctions
	found 0 potential small deletions
	found 0 potential small insertions
Reported 0 total potential splices
Reporting 0 potential deletions...
Reporting 0 potential insertions...
Reporting potential fusions...
