Settings:
  Output files: "Patient30_smRNA-seq/tmp/segment_juncs.*.bt2"
  Line rate: 6 (line is 64 bytes)
  Lines per side: 1 (side is 64 bytes)
  Offset rate: 4 (one in 16)
  FTable chars: 10
  Strings: unpacked
  Max bucket size: default
  Max bucket size, sqrt multiplier: default
  Max bucket size, len divisor: 4
  Difference-cover sample period: 1024
  Endianness: little
  Actual local endianness: little
  Sanity checking: disabled
  Assertions: disabled
  Random seed: 0
  Sizeofs: void*:8, int:4, long:8, size_t:8
Input files DNA, FASTA:
  Patient30_smRNA-seq/tmp/segment_juncs.fa
Reading reference sizes
  Time reading reference sizes: 00:00:00
Calculating joined length
Writing header
Reserving space for joined string
Joining reference sequences
  Time to join reference sequences: 00:00:00
bmax according to bmaxDivN setting: 87
Using parameters --bmax 66 --dcv 1024
  Doing ahead-of-time memory usage test
  Passed!  Constructing with these parameters: --bmax 66 --dcv 1024
Constructing suffix-array element generator
Building DifferenceCoverSample
  Building sPrime
  Building sPrimeOrder
  V-Sorting samples
  V-Sorting samples time: 00:00:00
  Allocating rank array
  Ranking v-sort output
  Ranking v-sort output time: 00:00:00
  Invoking Larsson-Sadakane on ranks
  Invoking Larsson-Sadakane on ranks time: 00:00:00
  Sanity-checking and returning
Building samples
Reserving space for 12 sample suffixes
Generating random suffixes
QSorting 12 sample offsets, eliminating duplicates
QSorting sample offsets, eliminating duplicates time: 00:00:00
Multikey QSorting 12 samples
  (Using difference cover)
  Multikey QSorting samples time: 00:00:00
Calculating bucket sizes
  Binary sorting into buckets
  10%
  20%
  30%
  40%
  50%
  60%
  70%
  80%
  90%
  100%
  Binary sorting into buckets time: 00:00:00
Splitting and merging
  Splitting and merging time: 00:00:00
Avg bucket size: 49.1429 (target: 65)
Converting suffix-array elements to index image
Allocating ftab, absorbFtab
Entering Ebwt loop
Getting block 1 of 7
  Reserving size (66) for bucket
  Calculating Z arrays
  Calculating Z arrays time: 00:00:00
  Entering block accumulator loop:
  10%
  20%
  30%
  40%
  50%
  60%
  70%
  80%
  90%
  100%
  Block accumulator loop time: 00:00:00
  Sorting block of length 62
  (Using difference cover)
  Sorting block time: 00:00:00
Returning block of 63
Getting block 2 of 7
  Reserving size (66) for bucket
  Calculating Z arrays
  Calculating Z arrays time: 00:00:00
  Entering block accumulator loop:
  10%
  20%
  30%
  40%
  50%
  60%
  70%
  80%
  90%
  100%
  Block accumulator loop time: 00:00:00
  Sorting block of length 52
  (Using difference cover)
  Sorting block time: 00:00:00
Returning block of 53
Getting block 3 of 7
  Reserving size (66) for bucket
  Calculating Z arrays
  Calculating Z arrays time: 00:00:00
  Entering block accumulator loop:
  10%
  20%
  30%
  40%
  50%
  60%
  70%
  80%
  90%
  100%
  Block accumulator loop time: 00:00:00
  Sorting block of length 62
  (Using difference cover)
  Sorting block time: 00:00:00
Returning block of 63
Getting block 4 of 7
  Reserving size (66) for bucket
  Calculating Z arrays
  Calculating Z arrays time: 00:00:00
  Entering block accumulator loop:
  10%
  20%
  30%
  40%
  50%
  60%
  70%
  80%
  90%
  100%
  Block accumulator loop time: 00:00:00
  Sorting block of length 36
  (Using difference cover)
  Sorting block time: 00:00:00
Returning block of 37
Getting block 5 of 7
  Reserving size (66) for bucket
  Calculating Z arrays
  Calculating Z arrays time: 00:00:00
  Entering block accumulator loop:
  10%
  20%
  30%
  40%
  50%
  60%
  70%
  80%
  90%
  100%
  Block accumulator loop time: 00:00:00
  Sorting block of length 60
  (Using difference cover)
  Sorting block time: 00:00:00
Returning block of 61
Getting block 6 of 7
  Reserving size (66) for bucket
  Calculating Z arrays
  Calculating Z arrays time: 00:00:00
  Entering block accumulator loop:
  10%
  20%
  30%
  40%
  50%
  60%
  70%
  80%
  90%
  100%
  Block accumulator loop time: 00:00:00
  Sorting block of length 53
  (Using difference cover)
  Sorting block time: 00:00:00
Returning block of 54
Getting block 7 of 7
  Reserving size (66) for bucket
  Calculating Z arrays
  Calculating Z arrays time: 00:00:00
  Entering block accumulator loop:
  10%
  20%
  30%
  40%
  50%
  60%
  70%
  80%
  90%
  100%
  Block accumulator loop time: 00:00:00
  Sorting block of length 19
  (Using difference cover)
  Sorting block time: 00:00:00
Returning block of 20
Exited Ebwt loop
fchr[A]: 0
fchr[C]: 85
fchr[G]: 182
fchr[T]: 254
fchr[$]: 350
Exiting Ebwt::buildToDisk()
Returning from initFromVector
Wrote 4195025 bytes to primary EBWT file: Patient30_smRNA-seq/tmp/segment_juncs.1.bt2
Wrote 92 bytes to secondary EBWT file: Patient30_smRNA-seq/tmp/segment_juncs.2.bt2
Re-opening _in1 and _in2 as input streams
Returning from Ebwt constructor
Headers:
    len: 350
    bwtLen: 351
    sz: 88
    bwtSz: 88
    lineRate: 6
    offRate: 4
    offMask: 0xfffffff0
    ftabChars: 10
    eftabLen: 20
    eftabSz: 80
    ftabLen: 1048577
    ftabSz: 4194308
    offsLen: 22
    offsSz: 88
    lineSz: 64
    sideSz: 64
    sideBwtSz: 48
    sideBwtLen: 192
    numSides: 2
    numLines: 2
    ebwtTotLen: 128
    ebwtTotSz: 128
    color: 0
    reverse: 0
Total time for call to driver() for forward index: 00:00:00
Reading reference sizes
  Time reading reference sizes: 00:00:00
Calculating joined length
Writing header
Reserving space for joined string
Joining reference sequences
  Time to join reference sequences: 00:00:00
  Time to reverse reference sequence: 00:00:00
bmax according to bmaxDivN setting: 87
Using parameters --bmax 66 --dcv 1024
  Doing ahead-of-time memory usage test
  Passed!  Constructing with these parameters: --bmax 66 --dcv 1024
Constructing suffix-array element generator
Building DifferenceCoverSample
  Building sPrime
  Building sPrimeOrder
  V-Sorting samples
  V-Sorting samples time: 00:00:00
  Allocating rank array
  Ranking v-sort output
  Ranking v-sort output time: 00:00:00
  Invoking Larsson-Sadakane on ranks
  Invoking Larsson-Sadakane on ranks time: 00:00:00
  Sanity-checking and returning
Building samples
Reserving space for 12 sample suffixes
Generating random suffixes
QSorting 12 sample offsets, eliminating duplicates
QSorting sample offsets, eliminating duplicates time: 00:00:00
Multikey QSorting 12 samples
  (Using difference cover)
  Multikey QSorting samples time: 00:00:00
Calculating bucket sizes
  Binary sorting into buckets
  10%
  20%
  30%
  40%
  50%
  60%
  70%
  80%
  90%
  100%
  Binary sorting into buckets time: 00:00:00
Splitting and merging
  Splitting and merging time: 00:00:00
Avg bucket size: 42.875 (target: 65)
Converting suffix-array elements to index image
Allocating ftab, absorbFtab
Entering Ebwt loop
Getting block 1 of 8
  Reserving size (66) for bucket
  Calculating Z arrays
  Calculating Z arrays time: 00:00:00
  Entering block accumulator loop:
  10%
  20%
  30%
  40%
  50%
  60%
  70%
  80%
  90%
  100%
  Block accumulator loop time: 00:00:00
  Sorting block of length 43
  (Using difference cover)
  Sorting block time: 00:00:00
Returning block of 44
Getting block 2 of 8
  Reserving size (66) for bucket
  Calculating Z arrays
  Calculating Z arrays time: 00:00:00
  Entering block accumulator loop:
  10%
  20%
  30%
  40%
  50%
  60%
  70%
  80%
  90%
  100%
  Block accumulator loop time: 00:00:00
  Sorting block of length 47
  (Using difference cover)
  Sorting block time: 00:00:00
Returning block of 48
Getting block 3 of 8
  Reserving size (66) for bucket
  Calculating Z arrays
  Calculating Z arrays time: 00:00:00
  Entering block accumulator loop:
  10%
  20%
  30%
  40%
  50%
  60%
  70%
  80%
  90%
  100%
  Block accumulator loop time: 00:00:00
  Sorting block of length 20
  (Using difference cover)
  Sorting block time: 00:00:00
Returning block of 21
Getting block 4 of 8
  Reserving size (66) for bucket
  Calculating Z arrays
  Calculating Z arrays time: 00:00:00
  Entering block accumulator loop:
  10%
  20%
  30%
  40%
  50%
  60%
  70%
  80%
  90%
  100%
  Block accumulator loop time: 00:00:00
  Sorting block of length 58
  (Using difference cover)
  Sorting block time: 00:00:00
Returning block of 59
Getting block 5 of 8
  Reserving size (66) for bucket
  Calculating Z arrays
  Calculating Z arrays time: 00:00:00
  Entering block accumulator loop:
  10%
  20%
  30%
  40%
  50%
  60%
  70%
  80%
  90%
  100%
  Block accumulator loop time: 00:00:00
  Sorting block of length 41
  (Using difference cover)
  Sorting block time: 00:00:00
Returning block of 42
Getting block 6 of 8
  Reserving size (66) for bucket
  Calculating Z arrays
  Calculating Z arrays time: 00:00:00
  Entering block accumulator loop:
  10%
  20%
  30%
  40%
  50%
  60%
  70%
  80%
  90%
  100%
  Block accumulator loop time: 00:00:00
  Sorting block of length 52
  (Using difference cover)
  Sorting block time: 00:00:00
Returning block of 53
Getting block 7 of 8
  Reserving size (66) for bucket
  Calculating Z arrays
  Calculating Z arrays time: 00:00:00
  Entering block accumulator loop:
  10%
  20%
  30%
  40%
  50%
  60%
  70%
  80%
  90%
  100%
  Block accumulator loop time: 00:00:00
  Sorting block of length 34
  (Using difference cover)
  Sorting block time: 00:00:00
Returning block of 35
Getting block 8 of 8
  Reserving size (66) for bucket
  Calculating Z arrays
  Calculating Z arrays time: 00:00:00
  Entering block accumulator loop:
  10%
  20%
  30%
  40%
  50%
  60%
  70%
  80%
  90%
  100%
  Block accumulator loop time: 00:00:00
  Sorting block of length 48
  (Using difference cover)
  Sorting block time: 00:00:00
Returning block of 49
Exited Ebwt loop
fchr[A]: 0
fchr[C]: 85
fchr[G]: 182
fchr[T]: 254
fchr[$]: 350
Exiting Ebwt::buildToDisk()
Returning from initFromVector
Wrote 4195025 bytes to primary EBWT file: Patient30_smRNA-seq/tmp/segment_juncs.rev.1.bt2
Wrote 92 bytes to secondary EBWT file: Patient30_smRNA-seq/tmp/segment_juncs.rev.2.bt2
Re-opening _in1 and _in2 as input streams
Returning from Ebwt constructor
Headers:
    len: 350
    bwtLen: 351
    sz: 88
    bwtSz: 88
    lineRate: 6
    offRate: 4
    offMask: 0xfffffff0
    ftabChars: 10
    eftabLen: 20
    eftabSz: 80
    ftabLen: 1048577
    ftabSz: 4194308
    offsLen: 22
    offsSz: 88
    lineSz: 64
    sideSz: 64
    sideBwtSz: 48
    sideBwtLen: 192
    numSides: 2
    numLines: 2
    ebwtTotLen: 128
    ebwtTotSz: 128
    color: 0
    reverse: 1
Total time for backward call to driver() for mirror index: 00:00:00
